<?xml version="1.0" encoding="UTF-8"?>
<!-- Generated by org.testng.reporters.JUnitReportReporter -->
<testsuite skipped="1" hostname="user-PC" name="allureReports.Tests" tests="3" failures="0" timestamp="17 May 2020 08:37:26 GMT" time="31.325" errors="0">
  <testcase name="logoPresence" time="8.999" classname="allureReports.Tests"/>
  <testcase name="loginTest" time="15.247" classname="allureReports.Tests"/>
  <testcase name="registrationTest" time="7.079" classname="allureReports.Tests">
    <skipped/>
  </testcase> <!-- registrationTest -->
</testsuite> <!-- allureReports.Tests -->
